====================================================
                Collapser algorithm.
====================================================
Step size: 0.05
Scale steps?: True
Distance threshold: 1.2
There are 12 bonds to optimize.
There are 10 sub units with N atoms:
[8, 8, 8, 8, 8, 16, 14, 14, 14, 14]
====================================================
                 Running optimisation!              
====================================================

1 6.156212480680153
2 5.742451165427513
3 5.348731782820251
4 4.974351241510974
5 4.618672613686537
6 4.281128091114313
7 3.96122352268897
8 3.6585448684790713
9 3.3727669527985698
10 3.1036649152724896
11 2.851128694035808
12 2.6151806326173963
13 2.395995707833116
====================================================
Steps run: 13
Minimum inter-subunit distance: 1.0664021583281749
====================================================
